...found 9 targets...
...updating 4 targets...
common.mkdir libs/config/checks/architecture/bin
common.mkdir libs/config/checks/architecture/bin/gcc-6.2.0
common.mkdir libs/config/checks/architecture/bin/gcc-6.2.0/debug
gcc.compile.c++ libs/config/checks/architecture/bin/gcc-6.2.0/debug/32.o
libs/config/checks/architecture/32.cpp:9:36: error: size of array ‘test’ is negative
 int test[sizeof(void*) == 4? 1 : -1];
                                    ^

    "g++"  -ftemplate-depth-128 -O0 -fno-inline -Wall -g -fPIC     -c -o "libs/config/checks/architecture/bin/gcc-6.2.0/debug/32.o" "libs/config/checks/architecture/32.cpp"

...failed gcc.compile.c++ libs/config/checks/architecture/bin/gcc-6.2.0/debug/32.o...
...failed updating 1 target...
...updated 3 targets...
...found 2 targets...
...updating 1 target...
gcc.compile.c++ libs/config/checks/architecture/bin/gcc-6.2.0/debug/64.o
...updated 1 target...
...found 2 targets...
...updating 1 target...
gcc.compile.c++ libs/config/checks/architecture/bin/gcc-6.2.0/debug/arm.o
libs/config/checks/architecture/arm.cpp:13:2: error: #error "Not ARM"
 #error "Not ARM"
  ^~~~~

    "g++"  -ftemplate-depth-128 -O0 -fno-inline -Wall -g -fPIC     -c -o "libs/config/checks/architecture/bin/gcc-6.2.0/debug/arm.o" "libs/config/checks/architecture/arm.cpp"

...failed gcc.compile.c++ libs/config/checks/architecture/bin/gcc-6.2.0/debug/arm.o...
...failed updating 1 target...
...found 2 targets...
...updating 1 target...
gcc.compile.c++ libs/config/checks/architecture/bin/gcc-6.2.0/debug/mips1.o
libs/config/checks/architecture/mips1.cpp:10:2: error: #error "Not MIPS1"
 #error "Not MIPS1"
  ^~~~~

    "g++"  -ftemplate-depth-128 -O0 -fno-inline -Wall -g -fPIC     -c -o "libs/config/checks/architecture/bin/gcc-6.2.0/debug/mips1.o" "libs/config/checks/architecture/mips1.cpp"

...failed gcc.compile.c++ libs/config/checks/architecture/bin/gcc-6.2.0/debug/mips1.o...
...failed updating 1 target...
...found 2 targets...
...updating 1 target...
gcc.compile.c++ libs/config/checks/architecture/bin/gcc-6.2.0/debug/power.o
libs/config/checks/architecture/power.cpp:13:2: error: #error "Not PPC"
 #error "Not PPC"
  ^~~~~

    "g++"  -ftemplate-depth-128 -O0 -fno-inline -Wall -g -fPIC     -c -o "libs/config/checks/architecture/bin/gcc-6.2.0/debug/power.o" "libs/config/checks/architecture/power.cpp"

...failed gcc.compile.c++ libs/config/checks/architecture/bin/gcc-6.2.0/debug/power.o...
...failed updating 1 target...
...found 2 targets...
...updating 1 target...
gcc.compile.c++ libs/config/checks/architecture/bin/gcc-6.2.0/debug/sparc.o
libs/config/checks/architecture/sparc.cpp:10:2: error: #error "Not SPARC"
 #error "Not SPARC"
  ^~~~~

    "g++"  -ftemplate-depth-128 -O0 -fno-inline -Wall -g -fPIC     -c -o "libs/config/checks/architecture/bin/gcc-6.2.0/debug/sparc.o" "libs/config/checks/architecture/sparc.cpp"

...failed gcc.compile.c++ libs/config/checks/architecture/bin/gcc-6.2.0/debug/sparc.o...
...failed updating 1 target...
...found 2 targets...
...updating 1 target...
gcc.compile.c++ libs/config/checks/architecture/bin/gcc-6.2.0/debug/x86.o
...updated 1 target...
...found 3 targets...
...updating 3 targets...
common.mkdir bin.v2
link.touch bin.v2/test-symlink-source
link.mklink bin.v2/test-symlink
...updated 3 targets...
...found 95 targets...
...updating 7 targets...
common.mkdir bin.v2/libs
common.mkdir bin.v2/libs/context
common.mkdir bin.v2/libs/context/build
common.mkdir bin.v2/libs/context/build/gcc-6.2.0
common.mkdir bin.v2/libs/context/build/gcc-6.2.0/debug
common.mkdir bin.v2/libs/context/build/gcc-6.2.0/debug/threading-multi
gcc.compile.c++ bin.v2/libs/context/build/gcc-6.2.0/debug/threading-multi/cxx11_hdr_mutex_check.o
...updated 7 targets...
...patience...
...found 120 targets...
...updating 14 targets...
common.mkdir bin.v2/libs/thread
common.mkdir bin.v2/libs/thread/build
common.mkdir bin.v2/libs/thread/build/gcc-6.2.0
common.mkdir bin.v2/libs/thread/build/gcc-6.2.0/debug
common.mkdir bin.v2/libs/thread/build/gcc-6.2.0/debug/threading-multi
gcc.compile.c++ bin.v2/libs/thread/build/gcc-6.2.0/debug/threading-multi/has_atomic_flag_lockfree_test.o
common.mkdir bin.v2/libs/system
common.mkdir bin.v2/libs/system/build
common.mkdir bin.v2/libs/system/build/gcc-6.2.0
common.mkdir bin.v2/libs/system/build/gcc-6.2.0/debug
common.mkdir bin.v2/libs/system/build/gcc-6.2.0/debug/threading-multi
gcc.compile.c++ bin.v2/libs/system/build/gcc-6.2.0/debug/threading-multi/error_code.o
gcc.link.dll bin.v2/libs/system/build/gcc-6.2.0/debug/threading-multi/libboost_system.so.1.63.0
gcc.link bin.v2/libs/thread/build/gcc-6.2.0/debug/threading-multi/has_atomic_flag_lockfree
...updated 14 targets...
...found 255 targets...
...updating 7 targets...
common.mkdir bin.v2/libs/config
common.mkdir bin.v2/libs/config/checks
common.mkdir bin.v2/libs/config/checks/gcc-6.2.0
common.mkdir bin.v2/libs/config/checks/gcc-6.2.0/debug
gcc.compile.c++ bin.v2/libs/config/checks/gcc-6.2.0/debug/cxx11_auto_declarations_obj.o
gcc.link bin.v2/libs/config/checks/gcc-6.2.0/debug/cxx11_auto_declarations
testing.unit-test bin.v2/libs/config/checks/gcc-6.2.0/debug/cxx11_auto_declarations.passed
...updated 7 targets...
...found 3 targets...
...updating 3 targets...
gcc.compile.c++ bin.v2/libs/config/checks/gcc-6.2.0/debug/cxx11_constexpr_obj.o
gcc.link bin.v2/libs/config/checks/gcc-6.2.0/debug/cxx11_constexpr
testing.unit-test bin.v2/libs/config/checks/gcc-6.2.0/debug/cxx11_constexpr.passed
...updated 3 targets...
...found 3 targets...
...updating 3 targets...
gcc.compile.c++ bin.v2/libs/config/checks/gcc-6.2.0/debug/cxx11_defaulted_functions_obj.o
gcc.link bin.v2/libs/config/checks/gcc-6.2.0/debug/cxx11_defaulted_functions
testing.unit-test bin.v2/libs/config/checks/gcc-6.2.0/debug/cxx11_defaulted_functions.passed
...updated 3 targets...
...found 3 targets...
...updating 3 targets...
gcc.compile.c++ bin.v2/libs/config/checks/gcc-6.2.0/debug/cxx11_final_obj.o
gcc.link bin.v2/libs/config/checks/gcc-6.2.0/debug/cxx11_final
testing.unit-test bin.v2/libs/config/checks/gcc-6.2.0/debug/cxx11_final.passed
...updated 3 targets...
...found 3 targets...
...updating 3 targets...
gcc.compile.c++ bin.v2/libs/config/checks/gcc-6.2.0/debug/cxx11_hdr_mutex_obj.o
gcc.link bin.v2/libs/config/checks/gcc-6.2.0/debug/cxx11_hdr_mutex
testing.unit-test bin.v2/libs/config/checks/gcc-6.2.0/debug/cxx11_hdr_mutex.passed
...updated 3 targets...
...found 3 targets...
...updating 3 targets...
gcc.compile.c++ bin.v2/libs/config/checks/gcc-6.2.0/debug/cxx11_hdr_tuple_obj.o
gcc.link bin.v2/libs/config/checks/gcc-6.2.0/debug/cxx11_hdr_tuple
testing.unit-test bin.v2/libs/config/checks/gcc-6.2.0/debug/cxx11_hdr_tuple.passed
...updated 3 targets...
...found 3 targets...
...updating 3 targets...
gcc.compile.c++ bin.v2/libs/config/checks/gcc-6.2.0/debug/cxx11_lambdas_obj.o
gcc.link bin.v2/libs/config/checks/gcc-6.2.0/debug/cxx11_lambdas
testing.unit-test bin.v2/libs/config/checks/gcc-6.2.0/debug/cxx11_lambdas.passed
...updated 3 targets...
...found 3 targets...
...updating 3 targets...
gcc.compile.c++ bin.v2/libs/config/checks/gcc-6.2.0/debug/cxx11_noexcept_obj.o
gcc.link bin.v2/libs/config/checks/gcc-6.2.0/debug/cxx11_noexcept
testing.unit-test bin.v2/libs/config/checks/gcc-6.2.0/debug/cxx11_noexcept.passed
...updated 3 targets...
...found 3 targets...
...updating 3 targets...
gcc.compile.c++ bin.v2/libs/config/checks/gcc-6.2.0/debug/cxx11_nullptr_obj.o
gcc.link bin.v2/libs/config/checks/gcc-6.2.0/debug/cxx11_nullptr
testing.unit-test bin.v2/libs/config/checks/gcc-6.2.0/debug/cxx11_nullptr.passed
...updated 3 targets...
...found 3 targets...
...updating 3 targets...
gcc.compile.c++ bin.v2/libs/config/checks/gcc-6.2.0/debug/cxx11_rvalue_references_obj.o
gcc.link bin.v2/libs/config/checks/gcc-6.2.0/debug/cxx11_rvalue_references
testing.unit-test bin.v2/libs/config/checks/gcc-6.2.0/debug/cxx11_rvalue_references.passed
...updated 3 targets...
...found 3 targets...
...updating 3 targets...
gcc.compile.c++ bin.v2/libs/config/checks/gcc-6.2.0/debug/cxx11_template_aliases_obj.o
gcc.link bin.v2/libs/config/checks/gcc-6.2.0/debug/cxx11_template_aliases
testing.unit-test bin.v2/libs/config/checks/gcc-6.2.0/debug/cxx11_template_aliases.passed
...updated 3 targets...
...found 3 targets...
...updating 3 targets...
gcc.compile.c++ bin.v2/libs/config/checks/gcc-6.2.0/debug/cxx11_thread_local_obj.o
gcc.link bin.v2/libs/config/checks/gcc-6.2.0/debug/cxx11_thread_local
testing.unit-test bin.v2/libs/config/checks/gcc-6.2.0/debug/cxx11_thread_local.passed
...updated 3 targets...
...found 3 targets...
...updating 3 targets...
gcc.compile.c++ bin.v2/libs/config/checks/gcc-6.2.0/debug/cxx11_variadic_templates_obj.o
gcc.link bin.v2/libs/config/checks/gcc-6.2.0/debug/cxx11_variadic_templates
testing.unit-test bin.v2/libs/config/checks/gcc-6.2.0/debug/cxx11_variadic_templates.passed
...updated 3 targets...
...found 233 targets...
...updating 7 targets...
common.mkdir bin.v2/libs/regex
common.mkdir bin.v2/libs/regex/build
common.mkdir bin.v2/libs/regex/build/gcc-6.2.0
common.mkdir bin.v2/libs/regex/build/gcc-6.2.0/debug
gcc.compile.c++ bin.v2/libs/regex/build/gcc-6.2.0/debug/has_icu_test.o
gcc.link bin.v2/libs/regex/build/gcc-6.2.0/debug/has_icu
testing.unit-test bin.v2/libs/regex/build/gcc-6.2.0/debug/has_icu.passed
945
...updated 7 targets...
...found 9 targets...
...updating 7 targets...
common.mkdir bin.v2/standalone
common.mkdir bin.v2/standalone/ac
common.mkdir bin.v2/standalone/ac/gcc-6.2.0
common.mkdir bin.v2/standalone/ac/gcc-6.2.0/release
common.mkdir bin.v2/standalone/ac/gcc-6.2.0/release/threading-multi
gcc.compile.c++ bin.v2/standalone/ac/gcc-6.2.0/release/threading-multi/zlib_h.o
...updated 7 targets...
...found 5 targets...
...updating 3 targets...
gcc.compile.c++ bin.v2/standalone/ac/gcc-6.2.0/release/threading-multi/main.o
gcc.link bin.v2/standalone/ac/gcc-6.2.0/release/threading-multi/z
...updated 3 targets...
...found 4 targets...
...updating 2 targets...
gcc.compile.c++ bin.v2/standalone/ac/gcc-6.2.0/release/threading-multi/bzlib_h.o
bin.v2/standalone/ac/bzlib_h.cpp:1:19: fatal error: bzlib.h: No such file or directory
 #include <bzlib.h>
                   ^
compilation terminated.

    "g++"  -ftemplate-depth-128 -O3 -finline-functions -Wno-inline -Wall -pthread -fPIC -m64  -DNDEBUG   -c -o "bin.v2/standalone/ac/gcc-6.2.0/release/threading-multi/bzlib_h.o" "bin.v2/standalone/ac/bzlib_h.cpp"

...failed gcc.compile.c++ bin.v2/standalone/ac/gcc-6.2.0/release/threading-multi/bzlib_h.o...
...failed updating 1 target...
...updated 1 target...
...found 1 target...
...updating 1 target...
gcc.link bin.v2/standalone/ac/gcc-6.2.0/release/threading-multi/bz2
/usr/bin/ld: cannot find -lbz2
collect2: error: ld returned 1 exit status

    "g++"    -o "bin.v2/standalone/ac/gcc-6.2.0/release/threading-multi/bz2" -Wl,--start-group "bin.v2/standalone/ac/gcc-6.2.0/release/threading-multi/main.o"  -Wl,-Bstatic  -Wl,-Bdynamic -lbz2 -lrt -Wl,--end-group -pthread -m64 

...failed gcc.link bin.v2/standalone/ac/gcc-6.2.0/release/threading-multi/bz2...
...failed updating 1 target...
...found 4 targets...
...updating 4 targets...
common.mkdir bin.v2/standalone/ac/gcc-6.2.0/release/link-static
common.mkdir bin.v2/standalone/ac/gcc-6.2.0/release/link-static/threading-multi
gcc.compile.c++ bin.v2/standalone/ac/gcc-6.2.0/release/link-static/threading-multi/main.o
gcc.link bin.v2/standalone/ac/gcc-6.2.0/release/link-static/threading-multi/bz2
/usr/bin/ld: cannot find -lbz2
collect2: error: ld returned 1 exit status

    "g++"    -o "bin.v2/standalone/ac/gcc-6.2.0/release/link-static/threading-multi/bz2" -Wl,--start-group "bin.v2/standalone/ac/gcc-6.2.0/release/link-static/threading-multi/main.o"  -Wl,-Bstatic -lbz2 -Wl,-Bdynamic -lrt -Wl,--end-group -pthread -m64 

...failed gcc.link bin.v2/standalone/ac/gcc-6.2.0/release/link-static/threading-multi/bz2...
...failed updating 1 target...
...updated 3 targets...
...found 8 targets...
...updating 6 targets...
common.mkdir bin.v2/libs/locale
common.mkdir bin.v2/libs/locale/build
common.mkdir bin.v2/libs/locale/build/gcc-6.2.0
common.mkdir bin.v2/libs/locale/build/gcc-6.2.0/debug
gcc.compile.c++ bin.v2/libs/locale/build/gcc-6.2.0/debug/has_iconv_libc_obj.o
gcc.link bin.v2/libs/locale/build/gcc-6.2.0/debug/has_iconv
...updated 6 targets...
...found 8 targets...
...updating 2 targets...
gcc.compile.c++ bin.v2/libs/locale/build/gcc-6.2.0/debug/has_icu_obj.o
libs/locale/src/../build/has_icu_test.cpp: In function ‘int main()’:
libs/locale/src/../build/has_icu_test.cpp:26:12: warning: unused variable ‘c’ [-Wunused-variable]
    UChar32 c = ::u_charFromName(U_UNICODE_CHAR_NAME, "GREEK SMALL LETTER ALPHA", &err);
            ^
gcc.link bin.v2/libs/locale/build/gcc-6.2.0/debug/has_icu
...updated 2 targets...
...found 9 targets...
...updating 7 targets...
common.mkdir bin.v2/libs/log
common.mkdir bin.v2/libs/log/config
common.mkdir bin.v2/libs/log/config/atomic-int32
common.mkdir bin.v2/libs/log/config/atomic-int32/gcc-6.2.0
common.mkdir bin.v2/libs/log/config/atomic-int32/gcc-6.2.0/debug
common.mkdir bin.v2/libs/log/config/atomic-int32/gcc-6.2.0/debug/pch-off
gcc.compile.c++ bin.v2/libs/log/config/atomic-int32/gcc-6.2.0/debug/pch-off/atomic_int32.o
...updated 7 targets...
...found 7 targets...
...updating 5 targets...
common.mkdir bin.v2/libs/log/config/native-syslog
common.mkdir bin.v2/libs/log/config/native-syslog/gcc-6.2.0
common.mkdir bin.v2/libs/log/config/native-syslog/gcc-6.2.0/debug
common.mkdir bin.v2/libs/log/config/native-syslog/gcc-6.2.0/debug/pch-off
gcc.compile.c++ bin.v2/libs/log/config/native-syslog/gcc-6.2.0/debug/pch-off/native_syslog.o
...updated 5 targets...
...found 6 targets...
...updating 5 targets...
common.mkdir bin.v2/libs/log/config/pthread-mutex-robust
common.mkdir bin.v2/libs/log/config/pthread-mutex-robust/gcc-6.2.0
common.mkdir bin.v2/libs/log/config/pthread-mutex-robust/gcc-6.2.0/debug
common.mkdir bin.v2/libs/log/config/pthread-mutex-robust/gcc-6.2.0/debug/pch-off
gcc.compile.c++ bin.v2/libs/log/config/pthread-mutex-robust/gcc-6.2.0/debug/pch-off/pthread_mutex_robust.o
...updated 5 targets...
...found 6 targets...
...updating 5 targets...
common.mkdir bin.v2/libs/log/config/visibility
common.mkdir bin.v2/libs/log/config/visibility/gcc-6.2.0
common.mkdir bin.v2/libs/log/config/visibility/gcc-6.2.0/debug
common.mkdir bin.v2/libs/log/config/visibility/gcc-6.2.0/debug/pch-off
gcc.compile.c++ bin.v2/libs/log/config/visibility/gcc-6.2.0/debug/pch-off/visibility.o
...updated 5 targets...
...found 7 targets...
...updating 5 targets...
common.mkdir bin.v2/libs/log/config/x86-ext
common.mkdir bin.v2/libs/log/config/x86-ext/gcc-6.2.0
common.mkdir bin.v2/libs/log/config/x86-ext/gcc-6.2.0/debug
common.mkdir bin.v2/libs/log/config/x86-ext/gcc-6.2.0/debug/pch-off
gcc.compile.c++ bin.v2/libs/log/config/x86-ext/gcc-6.2.0/debug/pch-off/ssse3.o
...updated 5 targets...
...found 3 targets...
...updating 1 target...
gcc.compile.c++ bin.v2/libs/log/config/x86-ext/gcc-6.2.0/debug/pch-off/avx2.o
...updated 1 target...
...found 6 targets...
...updating 5 targets...
common.mkdir bin.v2/libs/math
common.mkdir bin.v2/libs/math/config
common.mkdir bin.v2/libs/math/config/gcc-6.2.0
common.mkdir bin.v2/libs/math/config/gcc-6.2.0/debug
gcc.compile.c++ bin.v2/libs/math/config/gcc-6.2.0/debug/has_gcc_visibility.o
...updated 5 targets...
...found 133 targets...
...updating 1 target...
gcc.compile.c++ bin.v2/libs/math/config/gcc-6.2.0/debug/has_long_double_support.o
...updated 1 target...
...found 1 target...
...updating 1 target...
gcc.compile.c++ bin.v2/standalone/ac/gcc-6.2.0/release/link-static/threading-multi/zlib_h.o
...updated 1 target...
...found 1 target...
...updating 1 target...
gcc.link bin.v2/standalone/ac/gcc-6.2.0/release/link-static/threading-multi/z
...updated 1 target...
...found 1 target...
...updating 1 target...
gcc.compile.c++ bin.v2/standalone/ac/gcc-6.2.0/release/link-static/threading-multi/bzlib_h.o
bin.v2/standalone/ac/bzlib_h.cpp:1:19: fatal error: bzlib.h: No such file or directory
 #include <bzlib.h>
                   ^
compilation terminated.

    "g++"  -ftemplate-depth-128 -O3 -finline-functions -Wno-inline -Wall -pthread -m64  -DNDEBUG   -c -o "bin.v2/standalone/ac/gcc-6.2.0/release/link-static/threading-multi/bzlib_h.o" "bin.v2/standalone/ac/bzlib_h.cpp"

...failed gcc.compile.c++ bin.v2/standalone/ac/gcc-6.2.0/release/link-static/threading-multi/bzlib_h.o...
...failed updating 1 target...
...found 1 target...
...updating 1 target...
config-cache.write bin.v2/project-cache.jam
...updated 1 target...
